2021-06-15 17:13:02 INFO  ServiceLogger:26 - Error while loading country flag post :- 773sdfs82054dsf45
2021-06-15 20:29:23 INFO  ServiceLogger:26 - Error while loading country flag post :- 773sdfs82054dsf45
2021-06-15 20:52:34 INFO  ServiceLogger:26 - Error while loading country flag post :- 773sdfs82054dsf45
2021-06-15 21:26:54 INFO  ServiceLogger:26 - Error while loading country flag post :- 773sdfs82054dsf45
2021-06-15 21:52:31 INFO  ServiceLogger:30 - Request received for get inside method getUserById
2021-06-15 21:53:25 INFO  ServiceLogger:30 - Request received for get inside method getUserById
2021-06-16 01:19:58 INFO  ServiceLogger:30 - Error while loading country flag post
2021-06-16 07:18:39 INFO  ServiceLogger:30 - Request received for get inside method getUserById
2021-06-16 07:28:58 INFO  ServiceLogger:30 - Request received for get inside method getUserById
2021-06-16 07:32:35 INFO  ServiceLogger:30 - Request received for get inside method createUser
2021-06-16 07:33:03 INFO  ServiceLogger:30 - Request received for get inside method createUser
2021-06-16 07:33:30 INFO  ServiceLogger:30 - Request received for get inside method getUserById
2021-06-16 07:33:58 INFO  ServiceLogger:30 - Request received for get inside method getUserById
2021-06-16 09:06:50 INFO  ServiceLogger:30 - Request received for get inside method getUserById
2021-06-16 09:07:08 INFO  ServiceLogger:30 - Request received for get inside method getUserById
2021-06-16 09:07:31 INFO  ServiceLogger:30 - Request received for get inside method getUserById
2021-06-16 09:08:39 INFO  ServiceLogger:30 - Request received for get inside method getUserById
2021-06-16 10:36:00 INFO  ServiceLogger:30 - Request received for get inside method getUserById
2021-06-16 10:37:26 INFO  ServiceLogger:30 - Request received for get inside method getUserById
2021-06-16 10:38:03 INFO  ServiceLogger:30 - Request received for get inside method createUser
2021-06-16 10:42:35 INFO  ServiceLogger:30 - Request received for get inside method createUser
2021-06-16 10:43:09 INFO  ServiceLogger:30 - Request received for get inside method createUser
2021-06-16 10:57:08 INFO  ServiceLogger:30 - Request received for get inside method createUser
2021-06-16 11:18:43 INFO  ServiceLogger:30 - Request received for get inside method createUser
2021-06-16 11:19:52 INFO  ServiceLogger:30 - Request received for get inside method createUser
2021-06-16 11:20:26 INFO  ServiceLogger:30 - Request received for get inside method deleteAllUser
2021-06-16 11:20:32 INFO  ServiceLogger:30 - Request received for get inside method deleteAllUser
2021-06-16 11:25:05 INFO  ServiceLogger:30 - Request received for get inside method deleteAllUser
2021-06-16 11:46:01 INFO  ServiceLogger:30 - Request received for get inside method createUser
2021-06-16 11:49:50 INFO  ServiceLogger:30 - Request received for get inside method createUser
2021-06-16 11:50:45 INFO  ServiceLogger:30 - Request received for get inside method getUserById
2021-06-16 11:50:58 INFO  ServiceLogger:30 - Request received for get inside method getUserById
2021-06-16 13:19:17 INFO  ServiceLogger:30 - Request received for get inside method createUser
2021-06-16 13:20:01 INFO  ServiceLogger:30 - Request received for get inside method updateUser
2021-06-16 13:20:49 INFO  ServiceLogger:30 - Request received for get inside method getUserById
2021-06-16 13:20:54 INFO  ServiceLogger:30 - Request received for get inside method getUserById
2021-06-16 13:21:08 INFO  ServiceLogger:30 - Request received for get inside method deleteAllUser
2021-06-16 13:22:13 INFO  ServiceLogger:30 - Request received for get inside method createUser
2021-06-16 13:22:43 INFO  ServiceLogger:30 - Request received for get inside method createUser
2021-06-16 13:23:39 INFO  ServiceLogger:30 - Request received for get inside method updateUser
2021-06-16 13:24:09 INFO  ServiceLogger:30 - Request received for get inside method updateUser
2021-06-16 13:24:26 INFO  ServiceLogger:30 - Request received for get inside method updateUser
2021-06-16 15:19:54 INFO  ServiceLogger:30 - Request received for get inside method updateUser
2021-06-16 15:20:05 INFO  ServiceLogger:30 - Request received for get inside method updateUser
2021-06-16 15:20:24 INFO  ServiceLogger:30 - Request received for get inside method createUser
2021-06-16 17:13:26 INFO  ServiceLogger:30 - Request received for get inside method createUser
2021-06-16 17:23:25 INFO  ServiceLogger:30 - Request received for get inside method createUser
2021-06-16 17:24:10 INFO  ServiceLogger:30 - Request received for get inside method createUser
2021-06-16 17:25:07 INFO  ServiceLogger:30 - Request received for get inside method createUser
2021-06-16 17:25:43 INFO  ServiceLogger:30 - Request received for get inside method getUserById
2021-06-16 17:26:07 INFO  ServiceLogger:30 - Request received for get inside method getUserById
2021-06-16 17:26:18 INFO  ServiceLogger:30 - Request received for get inside method updateUser
2021-06-16 17:28:11 INFO  ServiceLogger:30 - Request received for get inside method updateUser
2021-06-16 17:28:22 INFO  ServiceLogger:30 - Request received for get inside method updateUser
2021-06-16 17:28:24 INFO  ServiceLogger:30 - Request received for get inside method updateUser
2021-06-16 17:32:51 INFO  ServiceLogger:30 - Request received for get inside method updateUser
2021-06-16 17:33:04 INFO  ServiceLogger:30 - Request received for get inside method updateUser
2021-06-16 19:03:24 INFO  ServiceLogger:30 - Request received for get inside method updateUser
2021-06-16 19:03:35 INFO  ServiceLogger:30 - Request received for get inside method updateUser
2021-06-16 19:03:41 INFO  ServiceLogger:30 - Request received for get inside method updateUser
2021-06-16 19:03:59 INFO  ServiceLogger:30 - Request received for get inside method updateUser
2021-06-16 19:04:08 INFO  ServiceLogger:30 - Request received for get inside method createUser
2021-06-16 19:04:45 INFO  ServiceLogger:30 - Request received for get inside method getUserById
2021-06-16 19:41:57 INFO  ServiceLogger:30 - Request received for get inside method getUserById
2021-06-16 19:42:00 INFO  ServiceLogger:30 - Request received for get inside method getUserById
2021-06-16 19:45:23 INFO  ServiceLogger:30 - Request received for get inside method createUser
2021-06-16 19:46:43 INFO  ServiceLogger:30 - Request received for get inside method updateUser
2021-06-16 19:46:49 INFO  ServiceLogger:30 - Request received for get inside method updateUser
2021-06-16 19:47:37 INFO  ServiceLogger:30 - Request received for get inside method updateUser
